h:\desktop\2ndyear\2nd term\c++\student pack(1)\student pack\assessment\cw\x64\debug\vc141.pdb
h:\desktop\2ndyear\2nd term\c++\student pack(1)\student pack\assessment\cw\x64\debug\vc141.idb
h:\desktop\2ndyear\2nd term\c++\student pack(1)\student pack\assessment\cw\x64\debug\definition.obj
h:\desktop\2ndyear\2nd term\c++\student pack(1)\student pack\assessment\cw\x64\debug\staticblock.obj
h:\desktop\2ndyear\2nd term\c++\student pack(1)\student pack\assessment\cw\x64\debug\star.obj
h:\desktop\2ndyear\2nd term\c++\student pack(1)\student pack\assessment\cw\x64\debug\booster.obj
h:\desktop\2ndyear\2nd term\c++\student pack(1)\student pack\assessment\cw\x64\debug\sfmldebugdraw.obj
h:\desktop\2ndyear\2nd term\c++\student pack(1)\student pack\assessment\cw\x64\debug\ray.obj
h:\desktop\2ndyear\2nd term\c++\student pack(1)\student pack\assessment\cw\x64\debug\main.obj
h:\desktop\2ndyear\2nd term\c++\student pack(1)\student pack\assessment\cw\x64\debug\levelloader.obj
h:\desktop\2ndyear\2nd term\c++\student pack(1)\student pack\assessment\cw\x64\debug\game.obj
h:\desktop\2ndyear\2nd term\c++\student pack(1)\student pack\assessment\cw\x64\debug\dynamiccircle.obj
h:\desktop\2ndyear\2nd term\c++\student pack(1)\student pack\assessment\cw\x64\debug\dynamicblock.obj
h:\desktop\2ndyear\2nd term\c++\student pack(1)\student pack\assessment\cw\x64\debug\contactlistener.obj
h:\desktop\2ndyear\2nd term\c++\student pack(1)\student pack\assessment\cw\x64\debug\ball.obj
h:\desktop\2ndyear\2nd term\c++\student pack(1)\student pack\assessment\cw\x64\debug\speedchanger.obj
h:\desktop\2ndyear\2nd term\c++\student pack(1)\student pack\assessment\cw\x64\debug\slidingdoor.obj
h:\desktop\2ndyear\2nd term\c++\student pack(1)\student pack\assessment\cw\x64\debug\rotatingblock.obj
h:\desktop\2ndyear\2nd term\c++\student pack(1)\student pack\assessment\cw\x64\debug\ramp.obj
h:\desktop\2ndyear\2nd term\c++\student pack(1)\student pack\assessment\cw\x64\debug\hole.obj
h:\desktop\2ndyear\2nd term\c++\student pack(1)\student pack\assessment\cw\x64\debug\dooropener.obj
h:\desktop\2ndyear\2nd term\c++\student pack(1)\student pack\assessment\cw\x64\debug\door.obj
h:\desktop\2ndyear\2nd term\c++\student pack(1)\student pack\assessment\cw\x64\debug\ui.obj
h:\desktop\2ndyear\2nd term\c++\student pack(1)\student pack\assessment\cw\x64\debug\staticpolygon.obj
h:\desktop\2ndyear\2nd term\c++\student pack(1)\student pack\assessment\cw\x64\debug\staticcircle.obj
h:\desktop\2ndyear\2nd term\c++\student pack(1)\student pack\assessment\cw\x64\debug\cw.exe
h:\desktop\2ndyear\2nd term\c++\student pack(1)\student pack\assessment\cw\x64\debug\cw.ilk
h:\desktop\2ndyear\2nd term\c++\student pack(1)\student pack\assessment\cw\x64\debug\cw.pdb
h:\desktop\2ndyear\2nd term\c++\student pack(1)\student pack\assessment\cw\x64\debug\cw.tlog\cl.read.1.tlog
h:\desktop\2ndyear\2nd term\c++\student pack(1)\student pack\assessment\cw\x64\debug\cw.tlog\cl.write.1.tlog
h:\desktop\2ndyear\2nd term\c++\student pack(1)\student pack\assessment\cw\x64\debug\cw.tlog\cl.command.1.tlog
h:\desktop\2ndyear\2nd term\c++\student pack(1)\student pack\assessment\cw\x64\debug\cw.tlog\link.command.1.tlog
h:\desktop\2ndyear\2nd term\c++\student pack(1)\student pack\assessment\cw\x64\debug\cw.tlog\link.read.1.tlog
h:\desktop\2ndyear\2nd term\c++\student pack(1)\student pack\assessment\cw\x64\debug\cw.tlog\link.write.1.tlog
